<?xml version="1.0" encoding="UTF-8"?>
<!-- Generated by org.testng.reporters.JUnitReportReporter -->
<testsuite skipped="0" hostname="AMMANKURICHIPUPSCHOOL" name="testNGFramework.Formy" tests="4" failures="0" timestamp="05 Aug 2023 16:21:44 GMT" time="45.041" errors="0">
  <testcase name="b_nameinfo" time="1.002" classname="testNGFramework.Formy"/>
  <testcase name="c_buttoninfo" time="0.757" classname="testNGFramework.Formy"/>
  <testcase name="a_pageload" time="42.497" classname="testNGFramework.Formy"/>
  <testcase name="d_submitinfo" time="0.785" classname="testNGFramework.Formy"/>
</testsuite> <!-- testNGFramework.Formy -->
