<?xml version="1.0" encoding="UTF-8"?>
<!-- Generated by org.testng.reporters.JUnitReportReporter -->
<testsuite skipped="0" hostname="AMMANKURICHIPUPSCHOOL" name="testNGFramework.AnnotationsDemo" tests="1" failures="0" timestamp="12 Aug 2023 04:44:50 GMT" time="0.022" errors="0">
  <testcase name="f" time="0.022" classname="testNGFramework.AnnotationsDemo"/>
</testsuite> <!-- testNGFramework.AnnotationsDemo -->
