<?xml version="1.0" encoding="UTF-8"?>
<!-- Generated by org.testng.reporters.JUnitReportReporter -->
<testsuite skipped="0" hostname="AMMANKURICHIPUPSCHOOL" name="testNGFramework.guru99" tests="4" failures="0" timestamp="05 Aug 2023 16:21:44 GMT" time="84.844" errors="0">
  <testcase name="a_pageload" time="77.583" classname="testNGFramework.guru99"/>
  <testcase name="d_submitinfo" time="3.562" classname="testNGFramework.guru99"/>
  <testcase name="b_nameinfo" time="2.501" classname="testNGFramework.guru99"/>
  <testcase name="c_address" time="1.198" classname="testNGFramework.guru99"/>
</testsuite> <!-- testNGFramework.guru99 -->
