<?xml version="1.0" encoding="UTF-8"?>
<!-- Generated by org.testng.reporters.JUnitReportReporter -->
<testsuite skipped="0" hostname="AMMANKURICHIPUPSCHOOL" name="testNGFramework.AlertsPopup" tests="2" failures="0" timestamp="05 Aug 2023 16:21:44 GMT" time="17.422" errors="0">
  <testcase name="a_pageload" time="13.956" classname="testNGFramework.AlertsPopup"/>
  <testcase name="b_alertload" time="3.466" classname="testNGFramework.AlertsPopup"/>
</testsuite> <!-- testNGFramework.AlertsPopup -->
