<?xml version="1.0" encoding="UTF-8"?>
<!-- Generated by org.testng.reporters.JUnitReportReporter -->
<testsuite skipped="0" hostname="AMMANKURICHIPUPSCHOOL" name="testNGFramework.HardAssertionZeroWebApp" tests="7" failures="0" timestamp="09 Aug 2023 15:35:42 GMT" time="14.071" errors="0">
  <testcase name="Browser" time="13.864" classname="testNGFramework.HardAssertionZeroWebApp"/>
  <testcase name="assertEquals" time="0.113" classname="testNGFramework.HardAssertionZeroWebApp"/>
  <testcase name="assertNotEquals" time="0.016" classname="testNGFramework.HardAssertionZeroWebApp"/>
  <testcase name="assertTrue" time="0.047" classname="testNGFramework.HardAssertionZeroWebApp"/>
  <testcase name="assertFalse" time="0.000" classname="testNGFramework.HardAssertionZeroWebApp"/>
  <testcase name="assertNotNull" time="0.031" classname="testNGFramework.HardAssertionZeroWebApp"/>
  <testcase name="assertNull" time="0.000" classname="testNGFramework.HardAssertionZeroWebApp"/>
</testsuite> <!-- testNGFramework.HardAssertionZeroWebApp -->
