<?xml version="1.0" encoding="UTF-8"?>
<!-- Generated by org.testng.reporters.JUnitReportReporter -->
<testsuite skipped="0" hostname="AMMANKURICHIPUPSCHOOL" name="testNGFramework.DisableScript" tests="5" failures="0" timestamp="06 Aug 2023 05:06:58 GMT" time="0.047" errors="0">
  <testcase name="f5" time="0.000" classname="testNGFramework.DisableScript"/>
  <testcase name="f1" time="0.047" classname="testNGFramework.DisableScript"/>
  <testcase name="f2" time="0.000" classname="testNGFramework.DisableScript"/>
  <testcase name="f3" time="0.000" classname="testNGFramework.DisableScript"/>
  <testcase name="f4" time="0.000" classname="testNGFramework.DisableScript"/>
</testsuite> <!-- testNGFramework.DisableScript -->
