<?xml version="1.0" encoding="UTF-8"?>
<!-- Generated by org.testng.reporters.JUnitReportReporter -->
<testsuite skipped="0" hostname="AMMANKURICHIPUPSCHOOL" name="testNGFramework.JPetStore" tests="4" failures="0" timestamp="05 Aug 2023 16:21:44 GMT" time="16.289" errors="0">
  <testcase name="pageLoad" time="7.306" classname="testNGFramework.JPetStore"/>
  <testcase name="userInfo" time="1.096" classname="testNGFramework.JPetStore"/>
  <testcase name="accountInfo" time="5.761" classname="testNGFramework.JPetStore"/>
  <testcase name="profileInfo" time="2.126" classname="testNGFramework.JPetStore"/>
</testsuite> <!-- testNGFramework.JPetStore -->
