<?xml version="1.0" encoding="UTF-8"?>
<!-- Generated by org.testng.reporters.JUnitReportReporter -->
<testsuite skipped="0" hostname="AMMANKURICHIPUPSCHOOL" name="testNGFramework.IFramesDemo" tests="1" failures="0" timestamp="12 Aug 2023 05:19:35 GMT" time="31.202" errors="0">
  <testcase name="a_Page_Load" time="31.202" classname="testNGFramework.IFramesDemo"/>
</testsuite> <!-- testNGFramework.IFramesDemo -->
