<?xml version="1.0" encoding="UTF-8"?>
<!-- Generated by org.testng.reporters.JUnitReportReporter -->
<testsuite skipped="0" hostname="AMMANKURICHIPUPSCHOOL" name="testNGFramework.TakingScreenshotsmultiple" tests="1" failures="0" timestamp="06 Aug 2023 06:37:02 GMT" time="12.804" errors="0">
  <testcase name="screenshot" time="12.804" classname="testNGFramework.TakingScreenshotsmultiple"/>
</testsuite> <!-- testNGFramework.TakingScreenshotsmultiple -->
