<?xml version="1.0" encoding="UTF-8"?>
<!-- Generated by org.testng.reporters.JUnitReportReporter -->
<testsuite skipped="0" hostname="AMMANKURICHIPUPSCHOOL" name="testNGFramework.SwagLabs" tests="3" failures="0" timestamp="05 Aug 2023 16:21:44 GMT" time="13.557" errors="0">
  <testcase name="pageLoad" time="7.804" classname="testNGFramework.SwagLabs"/>
  <testcase name="loginInfo" time="3.225" classname="testNGFramework.SwagLabs"/>
  <testcase name="logoutInfo" time="2.528" classname="testNGFramework.SwagLabs"/>
</testsuite> <!-- testNGFramework.SwagLabs -->
